#
# There is insufficient memory for the Java Runtime Environment to continue.
# Native memory allocation (mmap) failed to map 132120576 bytes for G1 virtual space
# Possible reasons:
#   The system is out of physical RAM or swap space
#   The process is running with CompressedOops enabled, and the Java Heap may be blocking the growth of the native heap
# Possible solutions:
#   Reduce memory load on the system
#   Increase physical memory or swap space
#   Check if swap backing store is full
#   Decrease Java heap size (-Xmx/-Xms)
#   Decrease number of Java threads
#   Decrease Java thread stack sizes (-Xss)
#   Set larger code cache with -XX:ReservedCodeCacheSize=
#   JVM is running with Unscaled Compressed Oops mode in which the Java heap is
#     placed in the first 4GB address space. The Java Heap base address is the
#     maximum limit for the native heap growth. Please use -XX:HeapBaseMinAddress
#     to set the Java Heap base and to place the Java Heap above 4GB virtual address.
# This output file may be truncated or incomplete.
#
#  Out of Memory Error (os_windows.cpp:3550), pid=17004, tid=26264
#
# JRE version:  (17.0.7+8) (build )
# Java VM: Java HotSpot(TM) 64-Bit Server VM (17.0.7+8-LTS-224, mixed mode, sharing, tiered, compressed oops, compressed class ptrs, g1 gc, windows-amd64)
# No core dump will be written. Minidumps are not enabled by default on client versions of Windows
#

---------------  S U M M A R Y ------------

Command Line: -Dfile.encoding=UTF-8 -XX:+ShowCodeDetailsInExceptionMessages Ex14

Host: Intel(R) Core(TM) i7-10510U CPU @ 1.80GHz, 8 cores, 7G,  Windows 11 , 64 bit Build 22621 (10.0.22621.1635)
Time: Sun May 21 01:38:01 2023 Hora oficial do Brasil elapsed time: 0.012134 seconds (0d 0h 0m 0s)

---------------  T H R E A D  ---------------

Current thread (0x0000022646178950):  JavaThread "Unknown thread" [_thread_in_vm, id=26264, stack(0x0000009fc7a00000,0x0000009fc7b00000)]

Stack: [0x0000009fc7a00000,0x0000009fc7b00000]
Native frames: (J=compiled Java code, j=interpreted, Vv=VM code, C=native code)
V  [jvm.dll+0x676a4a]
V  [jvm.dll+0x7d74f4]
V  [jvm.dll+0x7d8c9e]
V  [jvm.dll+0x7d9303]
V  [jvm.dll+0x2452c5]
V  [jvm.dll+0x6738f9]
V  [jvm.dll+0x668232]
V  [jvm.dll+0x302826]
V  [jvm.dll+0x309da6]
V  [jvm.dll+0x35952e]
V  [jvm.dll+0x35975f]
V  [jvm.dll+0x2d9a38]
V  [jvm.dll+0x2da9a4]
V  [jvm.dll+0x7a8fb1]
V  [jvm.dll+0x3670e1]
V  [jvm.dll+0x788359]
V  [jvm.dll+0x3ea5ef]
V  [jvm.dll+0x3ec071]
C  [jli.dll+0x5297]
C  [ucrtbase.dll+0x29363]
C  [KERNEL32.DLL+0x126ad]
C  [ntdll.dll+0x5a9f8]


---------------  P R O C E S S  ---------------

Threads class SMR info:
_java_thread_list=0x00007ffdd2124998, length=0, elements={
}

Java Threads: ( => current thread )

Other Threads:
  0x00000226461d1e30 GCTaskThread "GC Thread#0" [stack: 0x0000009fc7b00000,0x0000009fc7c00000] [id=18372]
  0x00000226461e2770 ConcurrentGCThread "G1 Main Marker" [stack: 0x0000009fc7c00000,0x0000009fc7d00000] [id=36188]
  0x00000226461e3180 ConcurrentGCThread "G1 Conc#0" [stack: 0x0000009fc7d00000,0x0000009fc7e00000] [id=10308]

[error occurred during error reporting (printing all threads), id 0xc0000005, EXCEPTION_ACCESS_VIOLATION (0xc0000005) at pc=0x00007ffdd195a697]

VM state: not at safepoint (not fully initialized)

VM Mutex/Monitor currently owned by a thread:  ([mutex/lock_event])
[0x0000022646174e90] Heap_lock - owner thread: 0x0000022646178950

Heap address: 0x0000000083400000, size: 1996 MB, Compressed Oops mode: 32-bit

CDS archive(s) mapped at: [0x0000000000000000-0x0000000000000000-0x0000000000000000), size 0, SharedBaseAddress: 0x0000000800000000, ArchiveRelocationMode: 0.
Narrow klass base: 0x0000000000000000, Narrow klass shift: 0, Narrow klass range: 0x0

GC Precious Log:
<Empty>

Heap:
 garbage-first heap   total 0K, used 0K [0x0000000083400000, 0x0000000100000000)
  region size 1024K, 0 young (0K), 0 survivors (0K)

[error occurred during error reporting (printing heap information), id 0xc0000005, EXCEPTION_ACCESS_VIOLATION (0xc0000005) at pc=0x00007ffdd1d400b9]

GC Heap History (0 events):
No events

Deoptimization events (0 events):
No events

Classes unloaded (0 events):
No events

Classes redefined (0 events):
No events

Internal exceptions (0 events):
No events

VM Operations (0 events):
No events

Events (1 events):
Event: 0.008 Loaded shared library C:\Program Files\Java\jdk-17\bin\java.dll


Dynamic libraries:
0x00007ff646670000 - 0x00007ff646680000 	C:\Program Files\Java\jdk-17\bin\javaw.exe
0x00007ffe4ad70000 - 0x00007ffe4af84000 	C:\WINDOWS\SYSTEM32\ntdll.dll
0x00007ffe48cc0000 - 0x00007ffe48d82000 	C:\WINDOWS\System32\KERNEL32.DLL
0x00007ffe48560000 - 0x00007ffe48903000 	C:\WINDOWS\System32\KERNELBASE.dll
0x00007ffe3b1a0000 - 0x00007ffe3b1b9000 	C:\Program Files\Java\jdk-17\bin\jli.dll
0x00007ffe3adf0000 - 0x00007ffe3ae0b000 	C:\Program Files\Java\jdk-17\bin\VCRUNTIME140.dll
0x00007ffe495e0000 - 0x00007ffe4968e000 	C:\WINDOWS\System32\ADVAPI32.dll
0x00007ffe48380000 - 0x00007ffe48491000 	C:\WINDOWS\System32\ucrtbase.dll
0x00007ffe49690000 - 0x00007ffe49737000 	C:\WINDOWS\System32\msvcrt.dll
0x00007ffe49740000 - 0x00007ffe497e4000 	C:\WINDOWS\System32\sechost.dll
0x00007ffe49060000 - 0x00007ffe49177000 	C:\WINDOWS\System32\RPCRT4.dll
0x00007ffe48eb0000 - 0x00007ffe4905b000 	C:\WINDOWS\System32\USER32.dll
0x00007ffe482b0000 - 0x00007ffe482d6000 	C:\WINDOWS\System32\win32u.dll
0x00007ffe22d90000 - 0x00007ffe2301e000 	C:\WINDOWS\WinSxS\amd64_microsoft.windows.common-controls_6595b64144ccf1df_6.0.22621.1635_none_270f70857386168e\COMCTL32.dll
0x00007ffe49960000 - 0x00007ffe49989000 	C:\WINDOWS\System32\GDI32.dll
0x00007ffe48190000 - 0x00007ffe482a8000 	C:\WINDOWS\System32\gdi32full.dll
0x00007ffe482e0000 - 0x00007ffe4837a000 	C:\WINDOWS\System32\msvcp_win.dll
0x00007ffe3e810000 - 0x00007ffe3e81a000 	C:\WINDOWS\SYSTEM32\VERSION.dll
0x00007ffe48b70000 - 0x00007ffe48ba1000 	C:\WINDOWS\System32\IMM32.DLL
0x00007ffe3b570000 - 0x00007ffe3b57c000 	C:\Program Files\Java\jdk-17\bin\vcruntime140_1.dll
0x00007ffe1c590000 - 0x00007ffe1c61e000 	C:\Program Files\Java\jdk-17\bin\msvcp140.dll
0x00007ffdd1670000 - 0x00007ffdd224d000 	C:\Program Files\Java\jdk-17\bin\server\jvm.dll
0x00007ffe49c20000 - 0x00007ffe49c28000 	C:\WINDOWS\System32\PSAPI.DLL
0x00007ffdb0a20000 - 0x00007ffdb0a29000 	C:\WINDOWS\SYSTEM32\WSOCK32.dll
0x00007ffe42160000 - 0x00007ffe42194000 	C:\WINDOWS\SYSTEM32\WINMM.dll
0x00007ffe4a5d0000 - 0x00007ffe4a641000 	C:\WINDOWS\System32\WS2_32.dll
0x00007ffe472a0000 - 0x00007ffe472b8000 	C:\WINDOWS\SYSTEM32\kernel.appcore.dll
0x00007ffe3b190000 - 0x00007ffe3b19a000 	C:\Program Files\Java\jdk-17\bin\jimage.dll
0x00007ffe42ca0000 - 0x00007ffe42ece000 	C:\WINDOWS\SYSTEM32\DBGHELP.DLL
0x00007ffe491f0000 - 0x00007ffe49579000 	C:\WINDOWS\System32\combase.dll
0x00007ffe4ab30000 - 0x00007ffe4ac07000 	C:\WINDOWS\System32\OLEAUT32.dll
0x00007ffe42120000 - 0x00007ffe42152000 	C:\WINDOWS\SYSTEM32\dbgcore.DLL
0x00007ffe48910000 - 0x00007ffe4898b000 	C:\WINDOWS\System32\bcryptPrimitives.dll
0x00007ffe36320000 - 0x00007ffe36345000 	C:\Program Files\Java\jdk-17\bin\java.dll

dbghelp: loaded successfully - version: 4.0.5 - missing functions: none
symbol engine: initialized successfully - sym options: 0x614 - pdb path: .;C:\Program Files\Java\jdk-17\bin;C:\WINDOWS\SYSTEM32;C:\WINDOWS\WinSxS\amd64_microsoft.windows.common-controls_6595b64144ccf1df_6.0.22621.1635_none_270f70857386168e;C:\Program Files\Java\jdk-17\bin\server

VM Arguments:
jvm_args: -Dfile.encoding=UTF-8 -XX:+ShowCodeDetailsInExceptionMessages 
java_command: Ex14
java_class_path (initial): C:\Users\tatii\Desktop\Curso de Java\Projetos\ListaDeExercicios\bin
Launcher Type: SUN_STANDARD

[Global flags]
     intx CICompilerCount                          = 4                                         {product} {ergonomic}
     uint ConcGCThreads                            = 2                                         {product} {ergonomic}
     uint G1ConcRefinementThreads                  = 8                                         {product} {ergonomic}
   size_t G1HeapRegionSize                         = 1048576                                   {product} {ergonomic}
    uintx GCDrainStackTargetSize                   = 64                                        {product} {ergonomic}
   size_t InitialHeapSize                          = 132120576                                 {product} {ergonomic}
   size_t MarkStackSize                            = 4194304                                   {product} {ergonomic}
   size_t MaxHeapSize                              = 2092957696                                {product} {ergonomic}
   size_t MinHeapDeltaBytes                        = 1048576                                   {product} {ergonomic}
   size_t MinHeapSize                              = 8388608                                   {product} {ergonomic}
    uintx NonNMethodCodeHeapSize                   = 5839372                                {pd product} {ergonomic}
    uintx NonProfiledCodeHeapSize                  = 122909434                              {pd product} {ergonomic}
    uintx ProfiledCodeHeapSize                     = 122909434                              {pd product} {ergonomic}
    uintx ReservedCodeCacheSize                    = 251658240                              {pd product} {ergonomic}
     bool SegmentedCodeCache                       = true                                      {product} {ergonomic}
     bool ShowCodeDetailsInExceptionMessages       = true                                   {manageable} {command line}
   size_t SoftMaxHeapSize                          = 2092957696                             {manageable} {ergonomic}
     bool UseCompressedClassPointers               = true                           {product lp64_product} {ergonomic}
     bool UseCompressedOops                        = true                           {product lp64_product} {ergonomic}
     bool UseG1GC                                  = true                                      {product} {ergonomic}
     bool UseLargePagesIndividualAllocation        = false                                  {pd product} {ergonomic}

Logging:
Log output configuration:
 #0: stdout all=warning uptime,level,tags
 #1: stderr all=off uptime,level,tags

Environment Variables:
PATH=C:\Program Files\Common Files\Oracle\Java\javapath;C:\Windows\system32;C:\Windows;C:\Windows\System32\Wbem;C:\Windows\System32\WindowsPowerShell\v1.0\;C:\Windows\System32\OpenSSH\;C:\Program Files (x86)\NVIDIA Corporation\PhysX\Common;C:\Program Files\NVIDIA Corporation\NVIDIA NvDLISR;C:\Program Files\nodejs\;C:\Program Files\Git\cmd;C:\Program Files\dotnet\;C:\WINDOWS\system32;C:\WINDOWS;C:\WINDOWS\System32\Wbem;C:\WINDOWS\System32\WindowsPowerShell\v1.0\;C:\WINDOWS\System32\OpenSSH\;C:\Users\tatii\AppData\Local\Microsoft\WindowsApps;C:\Users\tatii\AppData\Roaming\npm;C:\Users\tatii\AppData\Local\GitHubDesktop\bin;C:\Users\tatii\AppData\Local\Microsoft\WindowsApps;
USERNAME=tatii
OS=Windows_NT
PROCESSOR_IDENTIFIER=Intel64 Family 6 Model 142 Stepping 12, GenuineIntel



---------------  S Y S T E M  ---------------

OS:
 Windows 11 , 64 bit Build 22621 (10.0.22621.1635)
OS uptime: 11 days 9:41 hours
Hyper-V role detected

CPU: total 8 (initial active 8) (4 cores per cpu, 2 threads per core) family 6 model 142 stepping 12 microcode 0xde, cx8, cmov, fxsr, ht, mmx, 3dnowpref, sse, sse2, sse3, ssse3, sse4.1, sse4.2, popcnt, lzcnt, tsc, tscinvbit, avx, avx2, aes, erms, clmul, bmi1, bmi2, adx, fma, vzeroupper, clflush, clflushopt, hv

Memory: 4k page, system-wide physical 7976M (681M free)
TotalPageFile size 32552M (AvailPageFile size 18M)
current process WorkingSet (physical memory assigned to process): 11M, peak: 11M
current process commit charge ("private bytes"): 60M, peak: 186M

vm_info: Java HotSpot(TM) 64-Bit Server VM (17.0.7+8-LTS-224) for windows-amd64 JRE (17.0.7+8-LTS-224), built on Feb 28 2023 23:03:02 by "mach5one" with MS VC++ 17.1 (VS2022)

END.
